----------------------------------------
Timestamp: 01/06/2009 6:17:47 SA
Message: An error occurred while executing the command definition. See the inner exception for details.
Invalid column name 'CategoryName'.
Invalid column name 'CategoryName'.
Raw url: /xox/moneybox/getrecords
Category: General
Priority: -1
EventId: 1
Severity: Information
Title:
Machine: G22-NGHIAND
Application Domain: 3ac1149f-1-128883106058825533
Process Id: 3976
Process Name: C:\Program Files\Common Files\Microsoft Shared\DevServer\9.0\WebDev.WebServer.exe
Win32 Thread Id: 1088
Thread Name: 
Extended Properties: 
----------------------------------------
----------------------------------------
Timestamp: 01/06/2009 6:20:58 SA
Message: Exception has been thrown by the target of an invocation.
The current build operation (build key Build Key[Microsoft.Practices.EnterpriseLibrary.Security.Cryptography.ISymmetricCryptoProvider, RijndaelManaged]) failed: The device is not ready.
 (Strategy type ConfiguredObjectStrategy, index 2)
Raw url: /xox/moneybox/getrecords
Category: General
Priority: -1
EventId: 1
Severity: Information
Title:
Machine: G22-NGHIAND
Application Domain: 3ac1149f-1-128883106058825533
Process Id: 3976
Process Name: C:\Program Files\Common Files\Microsoft Shared\DevServer\9.0\WebDev.WebServer.exe
Win32 Thread Id: 1088
Thread Name: 
Extended Properties: 
----------------------------------------
----------------------------------------
Timestamp: 02/06/2009 2:10:45 SA
Message: A public action method 'defaultavatar' could not be found on controller 'MyLife.Controllers.FriendsController'.
Raw url: /xox/friends/defaultavatar
Category: General
Priority: -1
EventId: 1
Severity: Information
Title:
Machine: G22-NGHIAND
Application Domain: 3ac1149f-1-128883821617691356
Process Id: 4824
Process Name: C:\Program Files\Common Files\Microsoft Shared\DevServer\9.0\WebDev.WebServer.exe
Win32 Thread Id: 6104
Thread Name: 
Extended Properties: 
----------------------------------------
----------------------------------------
Timestamp: 02/06/2009 2:23:50 SA
Message: A public action method 'defaultavatar' could not be found on controller 'MyLife.Controllers.FriendsController'.
Raw url: /xox/friends/defaultavatar
Category: General
Priority: -1
EventId: 1
Severity: Information
Title:
Machine: G22-NGHIAND
Application Domain: 3ac1149f-1-128883821617691356
Process Id: 4824
Process Name: C:\Program Files\Common Files\Microsoft Shared\DevServer\9.0\WebDev.WebServer.exe
Win32 Thread Id: 6104
Thread Name: 
Extended Properties: 
----------------------------------------
----------------------------------------
Timestamp: 02/06/2009 2:52:13 SA
Message: A public action method 'defaultavatar' could not be found on controller 'MyLife.Controllers.FriendsController'.
Raw url: /xox/friends/defaultavatar
Category: General
Priority: -1
EventId: 1
Severity: Information
Title:
Machine: G22-NGHIAND
Application Domain: 3ac1149f-2-128883833376643697
Process Id: 4824
Process Name: C:\Program Files\Common Files\Microsoft Shared\DevServer\9.0\WebDev.WebServer.exe
Win32 Thread Id: 4868
Thread Name: 
Extended Properties: 
----------------------------------------
----------------------------------------
Timestamp: 02/06/2009 3:53:16 SA
Message: A public action method 'defaultavatar' could not be found on controller 'MyLife.Controllers.FriendsController'.
Raw url: /xox/friends/defaultavatar
Category: General
Priority: -1
EventId: 1
Severity: Information
Title:
Machine: G22-NGHIAND
Application Domain: 3ac1149f-4-128883883599484641
Process Id: 4824
Process Name: C:\Program Files\Common Files\Microsoft Shared\DevServer\9.0\WebDev.WebServer.exe
Win32 Thread Id: 2880
Thread Name: 
Extended Properties: 
----------------------------------------
----------------------------------------
Timestamp: 02/06/2009 3:54:07 SA
Message: A public action method 'defaultavatar' could not be found on controller 'MyLife.Controllers.FriendsController'.
Raw url: /xox/friends/defaultavatar
Category: General
Priority: -1
EventId: 1
Severity: Information
Title:
Machine: G22-NGHIAND
Application Domain: 3ac1149f-4-128883883599484641
Process Id: 4824
Process Name: C:\Program Files\Common Files\Microsoft Shared\DevServer\9.0\WebDev.WebServer.exe
Win32 Thread Id: 4868
Thread Name: 
Extended Properties: 
----------------------------------------
----------------------------------------
Timestamp: 02/06/2009 3:54:48 SA
Message: A public action method 'defaultavatar' could not be found on controller 'MyLife.Controllers.FriendsController'.
Raw url: /xox/friends/defaultavatar
Category: General
Priority: -1
EventId: 1
Severity: Information
Title:
Machine: G22-NGHIAND
Application Domain: 3ac1149f-4-128883883599484641
Process Id: 4824
Process Name: C:\Program Files\Common Files\Microsoft Shared\DevServer\9.0\WebDev.WebServer.exe
Win32 Thread Id: 4868
Thread Name: 
Extended Properties: 
----------------------------------------
----------------------------------------
Timestamp: 02/06/2009 3:57:20 SA
Message: A public action method 'defaultavatar' could not be found on controller 'MyLife.Controllers.FriendsController'.
Raw url: /xox/friends/defaultavatar
Category: General
Priority: -1
EventId: 1
Severity: Information
Title:
Machine: G22-NGHIAND
Application Domain: 3ac1149f-4-128883883599484641
Process Id: 4824
Process Name: C:\Program Files\Common Files\Microsoft Shared\DevServer\9.0\WebDev.WebServer.exe
Win32 Thread Id: 4868
Thread Name: 
Extended Properties: 
----------------------------------------
----------------------------------------
Timestamp: 02/06/2009 9:33:04 SA
Message: d:\Projects\MyLife\MyLife\Views\Blogs\dfBlog.master(48): error CS1061: 'MyLife.Web.Blogs.Category' does not contain a definition for 'ToUri' and no extension method 'ToUri' accepting a first argument of type 'MyLife.Web.Blogs.Category' could be found (are you missing a using directive or an assembly reference?)
Raw url: /xox/blog/settings
Category: General
Priority: -1
EventId: 1
Severity: Information
Title:
Machine: G22-NGHIAND
Application Domain: 3ac1149f-9-128884087778383504
Process Id: 4824
Process Name: C:\Program Files\Common Files\Microsoft Shared\DevServer\9.0\WebDev.WebServer.exe
Win32 Thread Id: 6104
Thread Name: 
Extended Properties: 
----------------------------------------
----------------------------------------
Timestamp: 02/06/2009 9:34:06 SA
Message: d:\Projects\MyLife\MyLife\Views\Blogs\dfBlog.master(52): error CS1026: ) expected
Raw url: /xox/blog/settings
Category: General
Priority: -1
EventId: 1
Severity: Information
Title:
Machine: G22-NGHIAND
Application Domain: 3ac1149f-10-128884088381203720
Process Id: 4824
Process Name: C:\Program Files\Common Files\Microsoft Shared\DevServer\9.0\WebDev.WebServer.exe
Win32 Thread Id: 6104
Thread Name: 
Extended Properties: 
----------------------------------------
